<html>
<head>
<title>TestNG:  Default test</title>
<link href="../testng.css" rel="stylesheet" type="text/css" />
<link href="../my-testng.css" rel="stylesheet" type="text/css" />

<style type="text/css">
.log { display: none;} 
.stack-trace { display: none;} 
</style>
<script type="text/javascript">
<!--
function flip(e) {
  current = e.style.display;
  if (current == 'block') {
    e.style.display = 'none';
    return 0;
  }
  else {
    e.style.display = 'block';
    return 1;
  }
}

function toggleBox(szDivId, elem, msg1, msg2)
{
  var res = -1;  if (document.getElementById) {
    res = flip(document.getElementById(szDivId));
  }
  else if (document.all) {
    // this is the way old msie versions work
    res = flip(document.all[szDivId]);
  }
  if(elem) {
    if(res == 0) elem.innerHTML = msg1; else elem.innerHTML = msg2;
  }

}

function toggleAllBoxes() {
  if (document.getElementsByTagName) {
    d = document.getElementsByTagName('div');
    for (i = 0; i < d.length; i++) {
      if (d[i].className == 'log') {
        flip(d[i]);
      }
    }
  }
}

// -->
</script>

</head>
<body>
<h2 align='center'>Default test</h2><table border='1' align="center">
<tr>
<td>Tests passed/Failed/Skipped:</td><td>2/6/0</td>
</tr><tr>
<td>Started on:</td><td>Wed Oct 25 13:01:25 PDT 2023</td>
</tr>
<tr><td>Total time:</td><td>10 seconds (10736 ms)</td>
</tr><tr>
<td>Included groups:</td><td></td>
</tr><tr>
<td>Excluded groups:</td><td></td>
</tr>
</table><p/>
<small><i>(Hover the method name to see the test class name)</i></small><p/>
<table width='100%' border='1' class='invocation-failed'>
<tr><td colspan='4' align='center'><b>FAILED TESTS</b></td></tr>
<tr><td><b>Test method</b></td>
<td width="30%"><b>Exception</b></td>
<td width="10%"><b>Time (seconds)</b></td>
<td><b>Instance</b></td>
</tr>
<tr>
<td title='com.users.api.runner.TestRunner.runScenario()'><b>runScenario</b><br>Test class: com.users.api.runner.TestRunner<br>Test method: Runs Cucumber Scenarios<br>Parameters: "Create a new user", "Perform post operations"</td>
<td><div><pre>java.lang.IllegalStateException: Cannot parse object because no supported Content-Type was specified in response. Content-Type was &apos;text/html; charset=utf-8&apos;.
	at java.base/jdk.internal.reflect.DirectConstructorHandleAccessor.newInstance(DirectConstructorHandleAccessor.java:67)
	at java.base/java.lang.reflect.Constructor.newInstanceWithCaller(Constructor.java:500)
	at java.base/java.lang.reflect.Constructor.newInstance(Constructor.java:484)
	at org.codehaus.groovy.reflection.CachedConstructor.invoke(CachedConstructor.java:73)
	at org.codehaus.groovy.runtime.callsite.ConstructorSite$ConstructorSiteNoUnwrapNoCoerce.callConstructor(ConstructorSite.java:108)
	at org.codehaus.groovy.runtime.callsite.CallSiteArray.defaultCallConstructor(CallSiteArray.java:58)
	at org.codehaus.groovy.runtime.callsite.AbstractCallSite.callConstructor(AbstractCallSite.java:263)
	at org.codehaus.groovy.runtime.callsite.AbstractCallSite.callConstructor(AbstractCallSite.java:277)
	at io.restassured.internal.mapping.ObjectMapping.deserialize(ObjectMapping.groovy:95)
	at io.restassured.internal.mapping.ObjectMapping$deserialize.call(Unknown Source)
	at org.codehaus.groovy.runtime.callsite.CallSiteArray.defaultCall(CallSiteArray.java:46)
	at io.restassured.internal.mapping.ObjectMapping$deserialize.call(Unknown Source)
	at io.restassured.internal.RestAssuredResponseOptionsGroovyImpl.as(RestAssuredResponseOptionsGroovyImpl.groovy:231)
	at io.restassured.internal.RestAssuredResponseOptionsImpl.as(RestAssuredResponseOptionsImpl.java:169)
	at com.users.api.stepdefinitions.TestPostUsers.add_a_new_user(TestPostUsers.java:25)
	at ?.add a new user 29 and fname &quot;Peter&quot; and lname &quot;Albert&quot; and email &quot;albert@gmail.com&quot; and street &quot;St 23 Texas&quot;(file:///C:/Users/Syed%20Danish/eclipse-workspace/RestAssuredBDDProjectPractice/src/test/resources/com/users/api/features/PostUser.feature:4)
</pre></div><a href='#' onClick='toggleBox("stack-trace1500020749", this, "Click to show all stack frames", "Click to hide stack frames")'>Click to show all stack frames</a>
<div class='stack-trace' id='stack-trace1500020749'><pre>java.lang.IllegalStateException: Cannot parse object because no supported Content-Type was specified in response. Content-Type was &apos;text/html; charset=utf-8&apos;.
	at java.base/jdk.internal.reflect.DirectConstructorHandleAccessor.newInstance(DirectConstructorHandleAccessor.java:67)
	at java.base/java.lang.reflect.Constructor.newInstanceWithCaller(Constructor.java:500)
	at java.base/java.lang.reflect.Constructor.newInstance(Constructor.java:484)
	at org.codehaus.groovy.reflection.CachedConstructor.invoke(CachedConstructor.java:73)
	at org.codehaus.groovy.runtime.callsite.ConstructorSite$ConstructorSiteNoUnwrapNoCoerce.callConstructor(ConstructorSite.java:108)
	at org.codehaus.groovy.runtime.callsite.CallSiteArray.defaultCallConstructor(CallSiteArray.java:58)
	at org.codehaus.groovy.runtime.callsite.AbstractCallSite.callConstructor(AbstractCallSite.java:263)
	at org.codehaus.groovy.runtime.callsite.AbstractCallSite.callConstructor(AbstractCallSite.java:277)
	at io.restassured.internal.mapping.ObjectMapping.deserialize(ObjectMapping.groovy:95)
	at io.restassured.internal.mapping.ObjectMapping$deserialize.call(Unknown Source)
	at org.codehaus.groovy.runtime.callsite.CallSiteArray.defaultCall(CallSiteArray.java:46)
	at io.restassured.internal.mapping.ObjectMapping$deserialize.call(Unknown Source)
	at io.restassured.internal.RestAssuredResponseOptionsGroovyImpl.as(RestAssuredResponseOptionsGroovyImpl.groovy:231)
	at io.restassured.internal.RestAssuredResponseOptionsImpl.as(RestAssuredResponseOptionsImpl.java:169)
	at com.users.api.stepdefinitions.TestPostUsers.add_a_new_user(TestPostUsers.java:25)
	at ?.add a new user 29 and fname &quot;Peter&quot; and lname &quot;Albert&quot; and email &quot;albert@gmail.com&quot; and street &quot;St 23 Texas&quot;(file:///C:/Users/Syed%20Danish/eclipse-workspace/RestAssuredBDDProjectPractice/src/test/resources/com/users/api/features/PostUser.feature:4)
</pre></div></td>
<td>0</td>
<td>com.users.api.runner.TestRunner@304bb45b</td></tr>
<tr>
<td title='com.users.api.runner.TestRunner.runScenario()'><b>runScenario</b><br>Test class: com.users.api.runner.TestRunner<br>Test method: Runs Cucumber Scenarios<br>Parameters: "Create a new user", "Perform post operations"</td>
<td><div><pre>java.lang.IllegalStateException: Cannot parse object because no supported Content-Type was specified in response. Content-Type was &apos;text/html; charset=utf-8&apos;.
	at java.base/jdk.internal.reflect.DirectConstructorHandleAccessor.newInstance(DirectConstructorHandleAccessor.java:67)
	at java.base/java.lang.reflect.Constructor.newInstanceWithCaller(Constructor.java:500)
	at java.base/java.lang.reflect.Constructor.newInstance(Constructor.java:484)
	at org.codehaus.groovy.reflection.CachedConstructor.invoke(CachedConstructor.java:73)
	at org.codehaus.groovy.runtime.callsite.ConstructorSite$ConstructorSiteNoUnwrapNoCoerce.callConstructor(ConstructorSite.java:108)
	at org.codehaus.groovy.runtime.callsite.AbstractCallSite.callConstructor(AbstractCallSite.java:277)
	at io.restassured.internal.mapping.ObjectMapping.deserialize(ObjectMapping.groovy:95)
	at io.restassured.internal.mapping.ObjectMapping$deserialize.call(Unknown Source)
	at io.restassured.internal.RestAssuredResponseOptionsGroovyImpl.as(RestAssuredResponseOptionsGroovyImpl.groovy:231)
	at io.restassured.internal.RestAssuredResponseOptionsImpl.as(RestAssuredResponseOptionsImpl.java:169)
	at com.users.api.stepdefinitions.TestPostUsers.add_a_new_user(TestPostUsers.java:25)
	at ?.add a new user 30 and fname &quot;Bardon&quot; and lname &quot;Watson&quot; and email &quot;watson@gmail.com&quot; and street &quot;St 23 Texas&quot;(file:///C:/Users/Syed%20Danish/eclipse-workspace/RestAssuredBDDProjectPractice/src/test/resources/com/users/api/features/PostUser.feature:4)
</pre></div><a href='#' onClick='toggleBox("stack-trace1327169167", this, "Click to show all stack frames", "Click to hide stack frames")'>Click to show all stack frames</a>
<div class='stack-trace' id='stack-trace1327169167'><pre>java.lang.IllegalStateException: Cannot parse object because no supported Content-Type was specified in response. Content-Type was &apos;text/html; charset=utf-8&apos;.
	at java.base/jdk.internal.reflect.DirectConstructorHandleAccessor.newInstance(DirectConstructorHandleAccessor.java:67)
	at java.base/java.lang.reflect.Constructor.newInstanceWithCaller(Constructor.java:500)
	at java.base/java.lang.reflect.Constructor.newInstance(Constructor.java:484)
	at org.codehaus.groovy.reflection.CachedConstructor.invoke(CachedConstructor.java:73)
	at org.codehaus.groovy.runtime.callsite.ConstructorSite$ConstructorSiteNoUnwrapNoCoerce.callConstructor(ConstructorSite.java:108)
	at org.codehaus.groovy.runtime.callsite.AbstractCallSite.callConstructor(AbstractCallSite.java:277)
	at io.restassured.internal.mapping.ObjectMapping.deserialize(ObjectMapping.groovy:95)
	at io.restassured.internal.mapping.ObjectMapping$deserialize.call(Unknown Source)
	at io.restassured.internal.RestAssuredResponseOptionsGroovyImpl.as(RestAssuredResponseOptionsGroovyImpl.groovy:231)
	at io.restassured.internal.RestAssuredResponseOptionsImpl.as(RestAssuredResponseOptionsImpl.java:169)
	at com.users.api.stepdefinitions.TestPostUsers.add_a_new_user(TestPostUsers.java:25)
	at ?.add a new user 30 and fname &quot;Bardon&quot; and lname &quot;Watson&quot; and email &quot;watson@gmail.com&quot; and street &quot;St 23 Texas&quot;(file:///C:/Users/Syed%20Danish/eclipse-workspace/RestAssuredBDDProjectPractice/src/test/resources/com/users/api/features/PostUser.feature:4)
</pre></div></td>
<td>0</td>
<td>com.users.api.runner.TestRunner@304bb45b</td></tr>
<tr>
<td title='com.users.api.runner.TestRunner.runScenario()'><b>runScenario</b><br>Test class: com.users.api.runner.TestRunner<br>Test method: Runs Cucumber Scenarios<br>Parameters: "Delete the user", "Perform delete operations"</td>
<td><div><pre>java.lang.AssertionError: expected [200] but found [404]
	at org.testng.Assert.fail(Assert.java:99)
	at org.testng.Assert.failNotEquals(Assert.java:1037)
	at org.testng.Assert.assertEqualsImpl(Assert.java:140)
	at org.testng.Assert.assertEquals(Assert.java:122)
	at org.testng.Assert.assertEquals(Assert.java:907)
	at org.testng.Assert.assertEquals(Assert.java:917)
	at com.users.api.stepdefinitions.TestDeleteUsers.verify_the_status_code(TestDeleteUsers.java:28)
	at ?.verify the status code 200(file:///C:/Users/Syed%20Danish/eclipse-workspace/RestAssuredBDDProjectPractice/src/test/resources/com/users/api/features/Delete.feature:5)
</pre></div><a href='#' onClick='toggleBox("stack-trace355222677", this, "Click to show all stack frames", "Click to hide stack frames")'>Click to show all stack frames</a>
<div class='stack-trace' id='stack-trace355222677'><pre>java.lang.AssertionError: expected [200] but found [404]
	at org.testng.Assert.fail(Assert.java:99)
	at org.testng.Assert.failNotEquals(Assert.java:1037)
	at org.testng.Assert.assertEqualsImpl(Assert.java:140)
	at org.testng.Assert.assertEquals(Assert.java:122)
	at org.testng.Assert.assertEquals(Assert.java:907)
	at org.testng.Assert.assertEquals(Assert.java:917)
	at com.users.api.stepdefinitions.TestDeleteUsers.verify_the_status_code(TestDeleteUsers.java:28)
	at ?.verify the status code 200(file:///C:/Users/Syed%20Danish/eclipse-workspace/RestAssuredBDDProjectPractice/src/test/resources/com/users/api/features/Delete.feature:5)
</pre></div></td>
<td>2</td>
<td>com.users.api.runner.TestRunner@304bb45b</td></tr>
<tr>
<td title='com.users.api.runner.TestRunner.runScenario()'><b>runScenario</b><br>Test class: com.users.api.runner.TestRunner<br>Test method: Runs Cucumber Scenarios<br>Parameters: "Verify the single user", "Perform get user opertations"</td>
<td><div><pre>java.lang.AssertionError: expected [Andrew] but found [No such user found]
	at org.testng.Assert.fail(Assert.java:99)
	at org.testng.Assert.failNotEquals(Assert.java:1037)
	at org.testng.Assert.assertEqualsImpl(Assert.java:140)
	at org.testng.Assert.assertEquals(Assert.java:122)
	at org.testng.Assert.assertEquals(Assert.java:629)
	at org.testng.Assert.assertEquals(Assert.java:639)
	at com.users.api.stepdefinitions.TestGetUsers.the_user_firstname_should_be_of_userId(TestGetUsers.java:54)
	at ?.the user firstname should be &quot;Andrew&quot; of userId 5(file:///C:/Users/Syed%20Danish/eclipse-workspace/RestAssuredBDDProjectPractice/src/test/resources/com/users/api/features/GetUser.feature:6)
</pre></div><a href='#' onClick='toggleBox("stack-trace1514687713", this, "Click to show all stack frames", "Click to hide stack frames")'>Click to show all stack frames</a>
<div class='stack-trace' id='stack-trace1514687713'><pre>java.lang.AssertionError: expected [Andrew] but found [No such user found]
	at org.testng.Assert.fail(Assert.java:99)
	at org.testng.Assert.failNotEquals(Assert.java:1037)
	at org.testng.Assert.assertEqualsImpl(Assert.java:140)
	at org.testng.Assert.assertEquals(Assert.java:122)
	at org.testng.Assert.assertEquals(Assert.java:629)
	at org.testng.Assert.assertEquals(Assert.java:639)
	at com.users.api.stepdefinitions.TestGetUsers.the_user_firstname_should_be_of_userId(TestGetUsers.java:54)
	at ?.the user firstname should be &quot;Andrew&quot; of userId 5(file:///C:/Users/Syed%20Danish/eclipse-workspace/RestAssuredBDDProjectPractice/src/test/resources/com/users/api/features/GetUser.feature:6)
</pre></div></td>
<td>1</td>
<td>com.users.api.runner.TestRunner@304bb45b</td></tr>
<tr>
<td title='com.users.api.runner.TestRunner.runScenario()'><b>runScenario</b><br>Test class: com.users.api.runner.TestRunner<br>Test method: Runs Cucumber Scenarios<br>Parameters: "Verify the user details", "Perform get user opertations"</td>
<td><div><pre>java.lang.AssertionError: lists don&apos;t have the same size expected [2] but found [5]
	at org.testng.Assert.fail(Assert.java:99)
	at org.testng.Assert.failNotEquals(Assert.java:1037)
	at org.testng.Assert.assertEqualsImpl(Assert.java:140)
	at org.testng.Assert.assertEquals(Assert.java:122)
	at org.testng.Assert.assertEquals(Assert.java:907)
	at org.testng.Assert.assertEquals(Assert.java:1089)
	at org.testng.Assert.assertEquals(Assert.java:1065)
	at com.users.api.stepdefinitions.TestGetUsers.the_user_details(TestGetUsers.java:125)
	at ?.the user details should 29 and fname &quot;Peter&quot; and lname &quot;Albert&quot; and email &quot;albert@gmail.com&quot; and street &quot;St 23 Texas&quot;(file:///C:/Users/Syed%20Danish/eclipse-workspace/RestAssuredBDDProjectPractice/src/test/resources/com/users/api/features/GetUser.feature:22)
</pre></div><a href='#' onClick='toggleBox("stack-trace270333767", this, "Click to show all stack frames", "Click to hide stack frames")'>Click to show all stack frames</a>
<div class='stack-trace' id='stack-trace270333767'><pre>java.lang.AssertionError: lists don&apos;t have the same size expected [2] but found [5]
	at org.testng.Assert.fail(Assert.java:99)
	at org.testng.Assert.failNotEquals(Assert.java:1037)
	at org.testng.Assert.assertEqualsImpl(Assert.java:140)
	at org.testng.Assert.assertEquals(Assert.java:122)
	at org.testng.Assert.assertEquals(Assert.java:907)
	at org.testng.Assert.assertEquals(Assert.java:1089)
	at org.testng.Assert.assertEquals(Assert.java:1065)
	at com.users.api.stepdefinitions.TestGetUsers.the_user_details(TestGetUsers.java:125)
	at ?.the user details should 29 and fname &quot;Peter&quot; and lname &quot;Albert&quot; and email &quot;albert@gmail.com&quot; and street &quot;St 23 Texas&quot;(file:///C:/Users/Syed%20Danish/eclipse-workspace/RestAssuredBDDProjectPractice/src/test/resources/com/users/api/features/GetUser.feature:22)
</pre></div></td>
<td>0</td>
<td>com.users.api.runner.TestRunner@304bb45b</td></tr>
<tr>
<td title='com.users.api.runner.TestRunner.runScenario()'><b>runScenario</b><br>Test class: com.users.api.runner.TestRunner<br>Test method: Runs Cucumber Scenarios<br>Parameters: "Verify the email address of the user", "Perform get user opertations"</td>
<td><div><pre>java.lang.AssertionError: expected [sandra@gmail.com] but found [No such email found]
	at org.testng.Assert.fail(Assert.java:99)
	at org.testng.Assert.failNotEquals(Assert.java:1037)
	at org.testng.Assert.assertEqualsImpl(Assert.java:140)
	at org.testng.Assert.assertEquals(Assert.java:122)
	at org.testng.Assert.assertEquals(Assert.java:629)
	at org.testng.Assert.assertEquals(Assert.java:639)
	at com.users.api.stepdefinitions.TestGetUsers.email_address_should_of_the_user_id(TestGetUsers.java:93)
	at ?.email address should &quot;sandra@gmail.com&quot; of the userID 3(file:///C:/Users/Syed%20Danish/eclipse-workspace/RestAssuredBDDProjectPractice/src/test/resources/com/users/api/features/GetUser.feature:14)
</pre></div><a href='#' onClick='toggleBox("stack-trace1217347025", this, "Click to show all stack frames", "Click to hide stack frames")'>Click to show all stack frames</a>
<div class='stack-trace' id='stack-trace1217347025'><pre>java.lang.AssertionError: expected [sandra@gmail.com] but found [No such email found]
	at org.testng.Assert.fail(Assert.java:99)
	at org.testng.Assert.failNotEquals(Assert.java:1037)
	at org.testng.Assert.assertEqualsImpl(Assert.java:140)
	at org.testng.Assert.assertEquals(Assert.java:122)
	at org.testng.Assert.assertEquals(Assert.java:629)
	at org.testng.Assert.assertEquals(Assert.java:639)
	at com.users.api.stepdefinitions.TestGetUsers.email_address_should_of_the_user_id(TestGetUsers.java:93)
	at ?.email address should &quot;sandra@gmail.com&quot; of the userID 3(file:///C:/Users/Syed%20Danish/eclipse-workspace/RestAssuredBDDProjectPractice/src/test/resources/com/users/api/features/GetUser.feature:14)
</pre></div></td>
<td>0</td>
<td>com.users.api.runner.TestRunner@304bb45b</td></tr>
</table><p>
<table width='100%' border='1' class='invocation-passed'>
<tr><td colspan='4' align='center'><b>PASSED TESTS</b></td></tr>
<tr><td><b>Test method</b></td>
<td width="30%"><b>Exception</b></td>
<td width="10%"><b>Time (seconds)</b></td>
<td><b>Instance</b></td>
</tr>
<tr>
<td title='com.users.api.runner.TestRunner.runScenario()'><b>runScenario</b><br>Test class: com.users.api.runner.TestRunner<br>Test method: Runs Cucumber Scenarios<br>Parameters: "Verify the count of users", "Perform get user opertations"</td>
<td></td>
<td>1</td>
<td>com.users.api.runner.TestRunner@304bb45b</td></tr>
<tr>
<td title='com.users.api.runner.TestRunner.runScenario()'><b>runScenario</b><br>Test class: com.users.api.runner.TestRunner<br>Test method: Runs Cucumber Scenarios<br>Parameters: "Validate the json schema", "Perform get user opertations"</td>
<td></td>
<td>1</td>
<td>com.users.api.runner.TestRunner@304bb45b</td></tr>
</table><p>
</body>
</html>